# JRE version: Java(TM) SE Runtime Environment (8.0_211-b12) (build 1.8.0_211-b12)
# Java VM: Java HotSpot(TM) 64-Bit Server VM (25.211-b12 mixed mode windows-amd64 compressed oops)
Heap:
 PSYoungGen      total 137728K, used 0K [0x00000000eb500000, 0x00000000f4c00000, 0x0000000100000000)
  eden space 129024K, 0% used [0x00000000eb500000,0x00000000eb500020,0x00000000f3300000)
  from space 8704K, 0% used [0x00000000f3300000,0x00000000f3300000,0x00000000f3b80000)
  to   space 10752K, 0% used [0x00000000f4180000,0x00000000f4180000,0x00000000f4c00000)
 ParOldGen       total 55296K, used 16075K [0x00000000c1e00000, 0x00000000c5400000, 0x00000000eb500000)
  object space 55296K, 29% used [0x00000000c1e00000,0x00000000c2db2c98,0x00000000c5400000)
 Metaspace       used 47984K, capacity 50611K, committed 50816K, reserved 1105920K
  class space    used 6808K, capacity 7268K, committed 7296K, reserved 1048576K
GC Heap History (10 events):
Event: 15.590 GC heap before
{Heap before GC invocations=18 (full 5):
 PSYoungGen      total 137728K, used 0K [0x00000000eb500000, 0x00000000f4c00000, 0x0000000100000000)
  eden space 129024K, 0% used [0x00000000eb500000,0x00000000eb500000,0x00000000f3300000)
  from space 8704K, 0% used [0x00000000f3300000,0x00000000f3300000,0x00000000f3b80000)
  to   space 10752K, 0% used [0x00000000f4180000,0x00000000f4180000,0x00000000f4c00000)
 ParOldGen       total 55296K, used 19232K [0x00000000c1e00000, 0x00000000c5400000, 0x00000000eb500000)
  object space 55296K, 34% used [0x00000000c1e00000,0x00000000c30c81d8,0x00000000c5400000)
 Metaspace       used 47823K, capacity 50309K, committed 50560K, reserved 1105920K
  class space    used 6752K, capacity 7185K, committed 7296K, reserved 1048576K
Event: 15.717 GC heap after
Heap after GC invocations=18 (full 5):
 PSYoungGen      total 137728K, used 0K [0x00000000eb500000, 0x00000000f4c00000, 0x0000000100000000)
  eden space 129024K, 0% used [0x00000000eb500000,0x00000000eb500000,0x00000000f3300000)
  from space 8704K, 0% used [0x00000000f3300000,0x00000000f3300000,0x00000000f3b80000)
  to   space 10752K, 0% used [0x00000000f4180000,0x00000000f4180000,0x00000000f4c00000)
 ParOldGen       total 55296K, used 15717K [0x00000000c1e00000, 0x00000000c5400000, 0x00000000eb500000)
  object space 55296K, 28% used [0x00000000c1e00000,0x00000000c2d595d0,0x00000000c5400000)
 Metaspace       used 47598K, capacity 49945K, committed 50560K, reserved 1101824K
  class space    used 6715K, capacity 7119K, committed 7296K, reserved 1048576K
}
Event: 16.197 GC heap before
{Heap before GC invocations=19 (full 5):
 PSYoungGen      total 137728K, used 8804K [0x00000000eb500000, 0x00000000f4c00000, 0x0000000100000000)
  eden space 129024K, 6% used [0x00000000eb500000,0x00000000ebd99388,0x00000000f3300000)
  from space 8704K, 0% used [0x00000000f3300000,0x00000000f3300000,0x00000000f3b80000)
  to   space 10752K, 0% used [0x00000000f4180000,0x00000000f4180000,0x00000000f4c00000)
 ParOldGen       total 55296K, used 15717K [0x00000000c1e00000, 0x00000000c5400000, 0x00000000eb500000)
  object space 55296K, 28% used [0x00000000c1e00000,0x00000000c2d595d0,0x00000000c5400000)
 Metaspace       used 47992K, capacity 50623K, committed 50816K, reserved 1105920K
  class space    used 6809K, capacity 7270K, committed 7296K, reserved 1048576K
Event: 16.200 GC heap after
Heap after GC invocations=19 (full 5):
 PSYoungGen      total 139776K, used 766K [0x00000000eb500000, 0x00000000f4c00000, 0x0000000100000000)
  eden space 129024K, 0% used [0x00000000eb500000,0x00000000eb500000,0x00000000f3300000)
  from space 10752K, 7% used [0x00000000f4180000,0x00000000f423f9e8,0x00000000f4c00000)
  to   space 8704K, 0% used [0x00000000f3300000,0x00000000f3300000,0x00000000f3b80000)
 ParOldGen       total 55296K, used 15725K [0x00000000c1e00000, 0x00000000c5400000, 0x00000000eb500000)
  object space 55296K, 28% used [0x00000000c1e00000,0x00000000c2d5b5d0,0x00000000c5400000)
 Metaspace       used 47992K, capacity 50623K, committed 50816K, reserved 1105920K
  class space    used 6809K, capacity 7270K, committed 7296K, reserved 1048576K
}
Event: 16.200 GC heap before
{Heap before GC invocations=20 (full 6):
 PSYoungGen      total 139776K, used 766K [0x00000000eb500000, 0x00000000f4c00000, 0x0000000100000000)
  eden space 129024K, 0% used [0x00000000eb500000,0x00000000eb500000,0x00000000f3300000)
  from space 10752K, 7% used [0x00000000f4180000,0x00000000f423f9e8,0x00000000f4c00000)
  to   space 8704K, 0% used [0x00000000f3300000,0x00000000f3300000,0x00000000f3b80000)
 ParOldGen       total 55296K, used 15725K [0x00000000c1e00000, 0x00000000c5400000, 0x00000000eb500000)
  object space 55296K, 28% used [0x00000000c1e00000,0x00000000c2d5b5d0,0x00000000c5400000)
 Metaspace       used 47992K, capacity 50623K, committed 50816K, reserved 1105920K
  class space    used 6809K, capacity 7270K, committed 7296K, reserved 1048576K
Event: 16.294 GC heap after
Heap after GC invocations=20 (full 6):
 PSYoungGen      total 139776K, used 0K [0x00000000eb500000, 0x00000000f4c00000, 0x0000000100000000)
  eden space 129024K, 0% used [0x00000000eb500000,0x00000000eb500000,0x00000000f3300000)
  from space 10752K, 0% used [0x00000000f4180000,0x00000000f4180000,0x00000000f4c00000)
  to   space 8704K, 0% used [0x00000000f3300000,0x00000000f3300000,0x00000000f3b80000)
 ParOldGen       total 55296K, used 16248K [0x00000000c1e00000, 0x00000000c5400000, 0x00000000eb500000)
  object space 55296K, 29% used [0x00000000c1e00000,0x00000000c2dde060,0x00000000c5400000)
 Metaspace       used 47992K, capacity 50623K, committed 50816K, reserved 1103872K
  class space    used 6809K, capacity 7270K, committed 7296K, reserved 1048576K
}
Event: 16.294 GC heap before
{Heap before GC invocations=21 (full 6):
 PSYoungGen      total 139776K, used 0K [0x00000000eb500000, 0x00000000f4c00000, 0x0000000100000000)
  eden space 129024K, 0% used [0x00000000eb500000,0x00000000eb500000,0x00000000f3300000)
  from space 10752K, 0% used [0x00000000f4180000,0x00000000f4180000,0x00000000f4c00000)
  to   space 8704K, 0% used [0x00000000f3300000,0x00000000f3300000,0x00000000f3b80000)
 ParOldGen       total 55296K, used 16248K [0x00000000c1e00000, 0x00000000c5400000, 0x00000000eb500000)
  object space 55296K, 29% used [0x00000000c1e00000,0x00000000c2dde060,0x00000000c5400000)
 Metaspace       used 47992K, capacity 50623K, committed 50816K, reserved 1107968K
  class space    used 6809K, capacity 7270K, committed 7296K, reserved 1048576K
Event: 16.295 GC heap after
Heap after GC invocations=21 (full 6):
 PSYoungGen      total 137728K, used 0K [0x00000000eb500000, 0x00000000f4c00000, 0x0000000100000000)
  eden space 129024K, 0% used [0x00000000eb500000,0x00000000eb500000,0x00000000f3300000)
  from space 8704K, 0% used [0x00000000f3300000,0x00000000f3300000,0x00000000f3b80000)
  to   space 10752K, 0% used [0x00000000f4180000,0x00000000f4180000,0x00000000f4c00000)
 ParOldGen       total 55296K, used 16248K [0x00000000c1e00000, 0x00000000c5400000, 0x00000000eb500000)
  object space 55296K, 29% used [0x00000000c1e00000,0x00000000c2dde060,0x00000000c5400000)
 Metaspace       used 47992K, capacity 50623K, committed 50816K, reserved 1107968K
  class space    used 6809K, capacity 7270K, committed 7296K, reserved 1048576K
}
Event: 16.295 GC heap before
{Heap before GC invocations=22 (full 7):
 PSYoungGen      total 137728K, used 0K [0x00000000eb500000, 0x00000000f4c00000, 0x0000000100000000)
  eden space 129024K, 0% used [0x00000000eb500000,0x00000000eb500000,0x00000000f3300000)
  from space 8704K, 0% used [0x00000000f3300000,0x00000000f3300000,0x00000000f3b80000)
  to   space 10752K, 0% used [0x00000000f4180000,0x00000000f4180000,0x00000000f4c00000)
 ParOldGen       total 55296K, used 16248K [0x00000000c1e00000, 0x00000000c5400000, 0x00000000eb500000)
  object space 55296K, 29% used [0x00000000c1e00000,0x00000000c2dde060,0x00000000c5400000)
 Metaspace       used 47992K, capacity 50623K, committed 50816K, reserved 1107968K
  class space    used 6809K, capacity 7270K, committed 7296K, reserved 1048576K
Event: 16.434 GC heap after
Heap after GC invocations=22 (full 7):
 PSYoungGen      total 137728K, used 0K [0x00000000eb500000, 0x00000000f4c00000, 0x0000000100000000)
  eden space 129024K, 0% used [0x00000000eb500000,0x00000000eb500000,0x00000000f3300000)
  from space 8704K, 0% used [0x00000000f3300000,0x00000000f3300000,0x00000000f3b80000)
  to   space 10752K, 0% used [0x00000000f4180000,0x00000000f4180000,0x00000000f4c00000)
 ParOldGen       total 55296K, used 16075K [0x00000000c1e00000, 0x00000000c5400000, 0x00000000eb500000)
  object space 55296K, 29% used [0x00000000c1e00000,0x00000000c2db2c98,0x00000000c5400000)
 Metaspace       used 47984K, capacity 50611K, committed 50816K, reserved 1103872K
  class space    used 6808K, capacity 7268K, committed 7296K, reserved 1048576K
}

