# JRE version: Java(TM) SE Runtime Environment (8.0_211-b12) (build 1.8.0_211-b12)
# Java VM: Java HotSpot(TM) 64-Bit Server VM (25.211-b12 mixed mode windows-amd64 compressed oops)
Heap:
 PSYoungGen      total 112128K, used 73293K [0x00000000eb500000, 0x00000000f4400000, 0x0000000100000000)
  eden space 104448K, 70% used [0x00000000eb500000,0x00000000efc937a8,0x00000000f1b00000)
  from space 7680K, 0% used [0x00000000f3c80000,0x00000000f3c80000,0x00000000f4400000)
  to   space 8704K, 0% used [0x00000000f3300000,0x00000000f3300000,0x00000000f3b80000)
 ParOldGen       total 40960K, used 13496K [0x00000000c1e00000, 0x00000000c4600000, 0x00000000eb500000)
  object space 40960K, 32% used [0x00000000c1e00000,0x00000000c2b2e338,0x00000000c4600000)
 Metaspace       used 41260K, capacity 43570K, committed 43776K, reserved 1087488K
  class space    used 5655K, capacity 6044K, committed 6144K, reserved 1048576K
GC Heap History (10 events):
Event: 1.970 GC heap before
{Heap before GC invocations=8 (full 1):
 PSYoungGen      total 72704K, used 6311K [0x00000000eb500000, 0x00000000f4400000, 0x0000000100000000)
  eden space 65536K, 0% used [0x00000000eb500000,0x00000000eb500000,0x00000000ef500000)
  from space 7168K, 88% used [0x00000000ef500000,0x00000000efb29d60,0x00000000efc00000)
  to   space 7680K, 0% used [0x00000000f3c80000,0x00000000f3c80000,0x00000000f4400000)
 ParOldGen       total 44032K, used 12797K [0x00000000c1e00000, 0x00000000c4900000, 0x00000000eb500000)
  object space 44032K, 29% used [0x00000000c1e00000,0x00000000c2a7f518,0x00000000c4900000)
 Metaspace       used 20347K, capacity 21264K, committed 21296K, reserved 1067008K
  class space    used 2716K, capacity 2936K, committed 2944K, reserved 1048576K
Event: 2.011 GC heap after
Heap after GC invocations=8 (full 1):
 PSYoungGen      total 72704K, used 0K [0x00000000eb500000, 0x00000000f4400000, 0x0000000100000000)
  eden space 65536K, 0% used [0x00000000eb500000,0x00000000eb500000,0x00000000ef500000)
  from space 7168K, 0% used [0x00000000ef500000,0x00000000ef500000,0x00000000efc00000)
  to   space 7680K, 0% used [0x00000000f3c80000,0x00000000f3c80000,0x00000000f4400000)
 ParOldGen       total 40960K, used 14114K [0x00000000c1e00000, 0x00000000c4600000, 0x00000000eb500000)
  object space 40960K, 34% used [0x00000000c1e00000,0x00000000c2bc8ac8,0x00000000c4600000)
 Metaspace       used 20347K, capacity 21264K, committed 21296K, reserved 1067008K
  class space    used 2716K, capacity 2936K, committed 2944K, reserved 1048576K
}
Event: 2.665 GC heap before
{Heap before GC invocations=9 (full 1):
 PSYoungGen      total 72704K, used 65536K [0x00000000eb500000, 0x00000000f4400000, 0x0000000100000000)
  eden space 65536K, 100% used [0x00000000eb500000,0x00000000ef500000,0x00000000ef500000)
  from space 7168K, 0% used [0x00000000ef500000,0x00000000ef500000,0x00000000efc00000)
  to   space 7680K, 0% used [0x00000000f3c80000,0x00000000f3c80000,0x00000000f4400000)
 ParOldGen       total 40960K, used 14114K [0x00000000c1e00000, 0x00000000c4600000, 0x00000000eb500000)
  object space 40960K, 34% used [0x00000000c1e00000,0x00000000c2bc8ac8,0x00000000c4600000)
 Metaspace       used 25793K, capacity 27504K, committed 27648K, reserved 1073152K
  class space    used 3521K, capacity 3818K, committed 3840K, reserved 1048576K
Event: 2.675 GC heap after
Heap after GC invocations=9 (full 1):
 PSYoungGen      total 112128K, used 7671K [0x00000000eb500000, 0x00000000f4400000, 0x0000000100000000)
  eden space 104448K, 0% used [0x00000000eb500000,0x00000000eb500000,0x00000000f1b00000)
  from space 7680K, 99% used [0x00000000f3c80000,0x00000000f43fdec0,0x00000000f4400000)
  to   space 8704K, 0% used [0x00000000f3300000,0x00000000f3300000,0x00000000f3b80000)
 ParOldGen       total 40960K, used 14883K [0x00000000c1e00000, 0x00000000c4600000, 0x00000000eb500000)
  object space 40960K, 36% used [0x00000000c1e00000,0x00000000c2c88c38,0x00000000c4600000)
 Metaspace       used 25793K, capacity 27504K, committed 27648K, reserved 1073152K
  class space    used 3521K, capacity 3818K, committed 3840K, reserved 1048576K
}
Event: 3.239 GC heap before
{Heap before GC invocations=10 (full 1):
 PSYoungGen      total 112128K, used 112119K [0x00000000eb500000, 0x00000000f4400000, 0x0000000100000000)
  eden space 104448K, 100% used [0x00000000eb500000,0x00000000f1b00000,0x00000000f1b00000)
  from space 7680K, 99% used [0x00000000f3c80000,0x00000000f43fdec0,0x00000000f4400000)
  to   space 8704K, 0% used [0x00000000f3300000,0x00000000f3300000,0x00000000f3b80000)
 ParOldGen       total 40960K, used 14883K [0x00000000c1e00000, 0x00000000c4600000, 0x00000000eb500000)
  object space 40960K, 36% used [0x00000000c1e00000,0x00000000c2c88c38,0x00000000c4600000)
 Metaspace       used 32573K, capacity 34534K, committed 34688K, reserved 1079296K
  class space    used 4556K, capacity 4925K, committed 4992K, reserved 1048576K
Event: 3.253 GC heap after
Heap after GC invocations=10 (full 1):
 PSYoungGen      total 113152K, used 8677K [0x00000000eb500000, 0x00000000f4400000, 0x0000000100000000)
  eden space 104448K, 0% used [0x00000000eb500000,0x00000000eb500000,0x00000000f1b00000)
  from space 8704K, 99% used [0x00000000f3300000,0x00000000f3b796e8,0x00000000f3b80000)
  to   space 7680K, 0% used [0x00000000f3c80000,0x00000000f3c80000,0x00000000f4400000)
 ParOldGen       total 40960K, used 18270K [0x00000000c1e00000, 0x00000000c4600000, 0x00000000eb500000)
  object space 40960K, 44% used [0x00000000c1e00000,0x00000000c2fd7a38,0x00000000c4600000)
 Metaspace       used 32573K, capacity 34534K, committed 34688K, reserved 1079296K
  class space    used 4556K, capacity 4925K, committed 4992K, reserved 1048576K
}
Event: 3.303 GC heap before
{Heap before GC invocations=11 (full 1):
 PSYoungGen      total 113152K, used 15839K [0x00000000eb500000, 0x00000000f4400000, 0x0000000100000000)
  eden space 104448K, 6% used [0x00000000eb500000,0x00000000ebbfe8c8,0x00000000f1b00000)
  from space 8704K, 99% used [0x00000000f3300000,0x00000000f3b796e8,0x00000000f3b80000)
  to   space 7680K, 0% used [0x00000000f3c80000,0x00000000f3c80000,0x00000000f4400000)
 ParOldGen       total 40960K, used 18270K [0x00000000c1e00000, 0x00000000c4600000, 0x00000000eb500000)
  object space 40960K, 44% used [0x00000000c1e00000,0x00000000c2fd7a38,0x00000000c4600000)
 Metaspace       used 33410K, capacity 35406K, committed 35496K, reserved 1079296K
  class space    used 4666K, capacity 5039K, committed 5120K, reserved 1048576K
Event: 3.311 GC heap after
Heap after GC invocations=11 (full 1):
 PSYoungGen      total 112128K, used 3732K [0x00000000eb500000, 0x00000000f4400000, 0x0000000100000000)
  eden space 104448K, 0% used [0x00000000eb500000,0x00000000eb500000,0x00000000f1b00000)
  from space 7680K, 48% used [0x00000000f3c80000,0x00000000f4025050,0x00000000f4400000)
  to   space 8704K, 0% used [0x00000000f3300000,0x00000000f3300000,0x00000000f3b80000)
 ParOldGen       total 40960K, used 21862K [0x00000000c1e00000, 0x00000000c4600000, 0x00000000eb500000)
  object space 40960K, 53% used [0x00000000c1e00000,0x00000000c3359ab8,0x00000000c4600000)
 Metaspace       used 33410K, capacity 35406K, committed 35496K, reserved 1079296K
  class space    used 4666K, capacity 5039K, committed 5120K, reserved 1048576K
}
Event: 3.311 GC heap before
{Heap before GC invocations=12 (full 2):
 PSYoungGen      total 112128K, used 3732K [0x00000000eb500000, 0x00000000f4400000, 0x0000000100000000)
  eden space 104448K, 0% used [0x00000000eb500000,0x00000000eb500000,0x00000000f1b00000)
  from space 7680K, 48% used [0x00000000f3c80000,0x00000000f4025050,0x00000000f4400000)
  to   space 8704K, 0% used [0x00000000f3300000,0x00000000f3300000,0x00000000f3b80000)
 ParOldGen       total 40960K, used 21862K [0x00000000c1e00000, 0x00000000c4600000, 0x00000000eb500000)
  object space 40960K, 53% used [0x00000000c1e00000,0x00000000c3359ab8,0x00000000c4600000)
 Metaspace       used 33410K, capacity 35406K, committed 35496K, reserved 1079296K
  class space    used 4666K, capacity 5039K, committed 5120K, reserved 1048576K
Event: 3.393 GC heap after
Heap after GC invocations=12 (full 2):
 PSYoungGen      total 112128K, used 0K [0x00000000eb500000, 0x00000000f4400000, 0x0000000100000000)
  eden space 104448K, 0% used [0x00000000eb500000,0x00000000eb500000,0x00000000f1b00000)
  from space 7680K, 0% used [0x00000000f3c80000,0x00000000f3c80000,0x00000000f4400000)
  to   space 8704K, 0% used [0x00000000f3300000,0x00000000f3300000,0x00000000f3b80000)
 ParOldGen       total 40960K, used 13496K [0x00000000c1e00000, 0x00000000c4600000, 0x00000000eb500000)
  object space 40960K, 32% used [0x00000000c1e00000,0x00000000c2b2e338,0x00000000c4600000)
 Metaspace       used 33410K, capacity 35406K, committed 35496K, reserved 1079296K
  class space    used 4666K, capacity 5039K, committed 5120K, reserved 1048576K
}

